This is pdfTeX, Version 3.14159265-2.6-1.40.18 (TeX Live 2017/W32TeX) (preloaded format=pdflatex 2018.4.7)  30 JAN 2019 15:16
entering extended mode
 restricted \write18 enabled.
 %&-line parsing enabled.
**./Zusammenfassung.tex
(./Zusammenfassung.tex
LaTeX2e <2017-04-15>
Babel <3.18> and hyphenation patterns for 84 language(s) loaded.
(c:/texlive/2017/texmf-dist/tex/latex/koma-script/scrartcl.cls
Document Class: scrartcl 2017/09/07 v3.24 KOMA-Script document class (article)
(c:/texlive/2017/texmf-dist/tex/latex/koma-script/scrkbase.sty
Package: scrkbase 2017/09/07 v3.24 KOMA-Script package (KOMA-Script-dependent b
asics and keyval usage)

(c:/texlive/2017/texmf-dist/tex/latex/koma-script/scrbase.sty
Package: scrbase 2017/09/07 v3.24 KOMA-Script package (KOMA-Script-independent 
basics and keyval usage)

(c:/texlive/2017/texmf-dist/tex/latex/graphics/keyval.sty
Package: keyval 2014/10/28 v1.15 key=value parser (DPC)
\KV@toks@=\toks14
)
(c:/texlive/2017/texmf-dist/tex/latex/koma-script/scrlfile.sty
Package: scrlfile 2017/09/07 v3.24 KOMA-Script package (loading files)
)))
(c:/texlive/2017/texmf-dist/tex/latex/koma-script/tocbasic.sty
Package: tocbasic 2017/09/07 v3.24 KOMA-Script package (handling toc-files)
\scr@dte@tocline@numberwidth=\skip41
\scr@dte@tocline@numbox=\box26
)
Package tocbasic Info: omitting babel extension for `toc'
(tocbasic)             because of feature `nobabel' available
(tocbasic)             for `toc' on input line 133.
Package tocbasic Info: omitting babel extension for `lof'
(tocbasic)             because of feature `nobabel' available
(tocbasic)             for `lof' on input line 135.
Package tocbasic Info: omitting babel extension for `lot'
(tocbasic)             because of feature `nobabel' available
(tocbasic)             for `lot' on input line 136.
Package scrartcl Info: You've used standard option `10pt'.
(scrartcl)             This is correct!
(scrartcl)             Internally I'm using `fontsize=10pt'.
(scrartcl)             If you'd like to set the option with \KOMAoptions,
(scrartcl)             you'd have to use `fontsize=10pt' there
(scrartcl)             instead of `10pt', too.
Class scrartcl Info: File `scrsize10pt.clo' used to setup font sizes on input l
ine 2080.

(c:/texlive/2017/texmf-dist/tex/latex/koma-script/scrsize10pt.clo
File: scrsize10pt.clo 2017/09/07 v3.24 KOMA-Script font size class option (10pt
)
)
(c:/texlive/2017/texmf-dist/tex/latex/koma-script/typearea.sty
Package: typearea 2017/09/07 v3.24 KOMA-Script package (type area)
\ta@bcor=\skip42
\ta@div=\count79
\ta@hblk=\skip43
\ta@vblk=\skip44
\ta@temp=\skip45
\footheight=\skip46
Package typearea Info: These are the values describing the layout:
(typearea)             DIV  = 8
(typearea)             BCOR = 0.0pt
(typearea)             \paperwidth      = 597.50793pt
(typearea)              \textwidth      = 373.44246pt
(typearea)              DIV departure   = -4%
(typearea)              \evensidemargin = 39.76274pt
(typearea)              \oddsidemargin  = 39.76274pt
(typearea)             \paperheight     = 845.04694pt
(typearea)              \textheight     = 538.0pt
(typearea)              \topmargin      = 0.36087pt
(typearea)              \headheight     = 15.0pt
(typearea)              \headsep        = 18.0pt
(typearea)              \topskip        = 10.0pt
(typearea)              \footskip       = 42.0pt
(typearea)              \baselineskip   = 12.0pt
(typearea)              on input line 1686.
)
\c@part=\count80
\c@section=\count81
\c@subsection=\count82
\c@subsubsection=\count83
\c@paragraph=\count84
\c@subparagraph=\count85
\scr@dte@part@maxnumwidth=\skip47
\scr@dte@section@maxnumwidth=\skip48
\scr@dte@subsection@maxnumwidth=\skip49
\scr@dte@subsubsection@maxnumwidth=\skip50
\scr@dte@paragraph@maxnumwidth=\skip51
\scr@dte@subparagraph@maxnumwidth=\skip52
LaTeX Info: Redefining \textsubscript on input line 4161.
\abovecaptionskip=\skip53
\belowcaptionskip=\skip54
\c@pti@nb@sid@b@x=\box27
\c@figure=\count86
\c@table=\count87
Class scrartcl Info: Redefining `\numberline' on input line 5319.
\bibindent=\dimen102
)
(c:/texlive/2017/texmf-dist/tex/generic/babel/babel.sty
Package: babel 2018/02/14 3.18 The Babel package

(c:/texlive/2017/texmf-dist/tex/generic/babel/switch.def
File: switch.def 2018/02/14 3.18 Babel switching mechanism
)
(c:/texlive/2017/texmf-dist/tex/generic/babel-german/ngerman.ldf
Language: ngerman 2016/11/02 v2.9 German support for babel (new orthography)

(c:/texlive/2017/texmf-dist/tex/generic/babel-german/ngermanb.ldf
Language: ngermanb 2016/11/02 v2.9 German support for babel (new orthography)

(c:/texlive/2017/texmf-dist/tex/generic/babel/babel.def
File: babel.def 2018/02/14 3.18 Babel common definitions
\babel@savecnt=\count88
\U@D=\dimen103

(c:/texlive/2017/texmf-dist/tex/generic/babel/txtbabel.def)
\bbl@dirlevel=\count89
)
Package babel Info: Making " an active character on input line 125.
)))
(c:/texlive/2017/texmf-dist/tex/latex/base/inputenc.sty
Package: inputenc 2015/03/17 v1.2c Input encoding file
\inpenc@prehook=\toks15
\inpenc@posthook=\toks16

(c:/texlive/2017/texmf-dist/tex/latex/base/utf8.def
File: utf8.def 2017/01/28 v1.1t UTF-8 support for inputenc
Now handling font encoding OML ...
... no UTF-8 mapping file for font encoding OML
Now handling font encoding T1 ...
... processing UTF-8 mapping file for font encoding T1

(c:/texlive/2017/texmf-dist/tex/latex/base/t1enc.dfu
File: t1enc.dfu 2017/01/28 v1.1t UTF-8 support for inputenc
   defining Unicode char U+00A0 (decimal 160)
   defining Unicode char U+00A1 (decimal 161)
   defining Unicode char U+00A3 (decimal 163)
   defining Unicode char U+00AB (decimal 171)
   defining Unicode char U+00AD (decimal 173)
   defining Unicode char U+00BB (decimal 187)
   defining Unicode char U+00BF (decimal 191)
   defining Unicode char U+00C0 (decimal 192)
   defining Unicode char U+00C1 (decimal 193)
   defining Unicode char U+00C2 (decimal 194)
   defining Unicode char U+00C3 (decimal 195)
   defining Unicode char U+00C4 (decimal 196)
   defining Unicode char U+00C5 (decimal 197)
   defining Unicode char U+00C6 (decimal 198)
   defining Unicode char U+00C7 (decimal 199)
   defining Unicode char U+00C8 (decimal 200)
   defining Unicode char U+00C9 (decimal 201)
   defining Unicode char U+00CA (decimal 202)
   defining Unicode char U+00CB (decimal 203)
   defining Unicode char U+00CC (decimal 204)
   defining Unicode char U+00CD (decimal 205)
   defining Unicode char U+00CE (decimal 206)
   defining Unicode char U+00CF (decimal 207)
   defining Unicode char U+00D0 (decimal 208)
   defining Unicode char U+00D1 (decimal 209)
   defining Unicode char U+00D2 (decimal 210)
   defining Unicode char U+00D3 (decimal 211)
   defining Unicode char U+00D4 (decimal 212)
   defining Unicode char U+00D5 (decimal 213)
   defining Unicode char U+00D6 (decimal 214)
   defining Unicode char U+00D8 (decimal 216)
   defining Unicode char U+00D9 (decimal 217)
   defining Unicode char U+00DA (decimal 218)
   defining Unicode char U+00DB (decimal 219)
   defining Unicode char U+00DC (decimal 220)
   defining Unicode char U+00DD (decimal 221)
   defining Unicode char U+00DE (decimal 222)
   defining Unicode char U+00DF (decimal 223)
   defining Unicode char U+00E0 (decimal 224)
   defining Unicode char U+00E1 (decimal 225)
   defining Unicode char U+00E2 (decimal 226)
   defining Unicode char U+00E3 (decimal 227)
   defining Unicode char U+00E4 (decimal 228)
   defining Unicode char U+00E5 (decimal 229)
   defining Unicode char U+00E6 (decimal 230)
   defining Unicode char U+00E7 (decimal 231)
   defining Unicode char U+00E8 (decimal 232)
   defining Unicode char U+00E9 (decimal 233)
   defining Unicode char U+00EA (decimal 234)
   defining Unicode char U+00EB (decimal 235)
   defining Unicode char U+00EC (decimal 236)
   defining Unicode char U+00ED (decimal 237)
   defining Unicode char U+00EE (decimal 238)
   defining Unicode char U+00EF (decimal 239)
   defining Unicode char U+00F0 (decimal 240)
   defining Unicode char U+00F1 (decimal 241)
   defining Unicode char U+00F2 (decimal 242)
   defining Unicode char U+00F3 (decimal 243)
   defining Unicode char U+00F4 (decimal 244)
   defining Unicode char U+00F5 (decimal 245)
   defining Unicode char U+00F6 (decimal 246)
   defining Unicode char U+00F8 (decimal 248)
   defining Unicode char U+00F9 (decimal 249)
   defining Unicode char U+00FA (decimal 250)
   defining Unicode char U+00FB (decimal 251)
   defining Unicode char U+00FC (decimal 252)
   defining Unicode char U+00FD (decimal 253)
   defining Unicode char U+00FE (decimal 254)
   defining Unicode char U+00FF (decimal 255)
   defining Unicode char U+0100 (decimal 256)
   defining Unicode char U+0101 (decimal 257)
   defining Unicode char U+0102 (decimal 258)
   defining Unicode char U+0103 (decimal 259)
   defining Unicode char U+0104 (decimal 260)
   defining Unicode char U+0105 (decimal 261)
   defining Unicode char U+0106 (decimal 262)
   defining Unicode char U+0107 (decimal 263)
   defining Unicode char U+0108 (decimal 264)
   defining Unicode char U+0109 (decimal 265)
   defining Unicode char U+010A (decimal 266)
   defining Unicode char U+010B (decimal 267)
   defining Unicode char U+010C (decimal 268)
   defining Unicode char U+010D (decimal 269)
   defining Unicode char U+010E (decimal 270)
   defining Unicode char U+010F (decimal 271)
   defining Unicode char U+0110 (decimal 272)
   defining Unicode char U+0111 (decimal 273)
   defining Unicode char U+0112 (decimal 274)
   defining Unicode char U+0113 (decimal 275)
   defining Unicode char U+0114 (decimal 276)
   defining Unicode char U+0115 (decimal 277)
   defining Unicode char U+0116 (decimal 278)
   defining Unicode char U+0117 (decimal 279)
   defining Unicode char U+0118 (decimal 280)
   defining Unicode char U+0119 (decimal 281)
   defining Unicode char U+011A (decimal 282)
   defining Unicode char U+011B (decimal 283)
   defining Unicode char U+011C (decimal 284)
   defining Unicode char U+011D (decimal 285)
   defining Unicode char U+011E (decimal 286)
   defining Unicode char U+011F (decimal 287)
   defining Unicode char U+0120 (decimal 288)
   defining Unicode char U+0121 (decimal 289)
   defining Unicode char U+0122 (decimal 290)
   defining Unicode char U+0123 (decimal 291)
   defining Unicode char U+0124 (decimal 292)
   defining Unicode char U+0125 (decimal 293)
   defining Unicode char U+0128 (decimal 296)
   defining Unicode char U+0129 (decimal 297)
   defining Unicode char U+012A (decimal 298)
   defining Unicode char U+012B (decimal 299)
   defining Unicode char U+012C (decimal 300)
   defining Unicode char U+012D (decimal 301)
   defining Unicode char U+012E (decimal 302)
   defining Unicode char U+012F (decimal 303)
   defining Unicode char U+0130 (decimal 304)
   defining Unicode char U+0131 (decimal 305)
   defining Unicode char U+0132 (decimal 306)
   defining Unicode char U+0133 (decimal 307)
   defining Unicode char U+0134 (decimal 308)
   defining Unicode char U+0135 (decimal 309)
   defining Unicode char U+0136 (decimal 310)
   defining Unicode char U+0137 (decimal 311)
   defining Unicode char U+0139 (decimal 313)
   defining Unicode char U+013A (decimal 314)
   defining Unicode char U+013B (decimal 315)
   defining Unicode char U+013C (decimal 316)
   defining Unicode char U+013D (decimal 317)
   defining Unicode char U+013E (decimal 318)
   defining Unicode char U+0141 (decimal 321)
   defining Unicode char U+0142 (decimal 322)
   defining Unicode char U+0143 (decimal 323)
   defining Unicode char U+0144 (decimal 324)
   defining Unicode char U+0145 (decimal 325)
   defining Unicode char U+0146 (decimal 326)
   defining Unicode char U+0147 (decimal 327)
   defining Unicode char U+0148 (decimal 328)
   defining Unicode char U+014A (decimal 330)
   defining Unicode char U+014B (decimal 331)
   defining Unicode char U+014C (decimal 332)
   defining Unicode char U+014D (decimal 333)
   defining Unicode char U+014E (decimal 334)
   defining Unicode char U+014F (decimal 335)
   defining Unicode char U+0150 (decimal 336)
   defining Unicode char U+0151 (decimal 337)
   defining Unicode char U+0152 (decimal 338)
   defining Unicode char U+0153 (decimal 339)
   defining Unicode char U+0154 (decimal 340)
   defining Unicode char U+0155 (decimal 341)
   defining Unicode char U+0156 (decimal 342)
   defining Unicode char U+0157 (decimal 343)
   defining Unicode char U+0158 (decimal 344)
   defining Unicode char U+0159 (decimal 345)
   defining Unicode char U+015A (decimal 346)
   defining Unicode char U+015B (decimal 347)
   defining Unicode char U+015C (decimal 348)
   defining Unicode char U+015D (decimal 349)
   defining Unicode char U+015E (decimal 350)
   defining Unicode char U+015F (decimal 351)
   defining Unicode char U+0160 (decimal 352)
   defining Unicode char U+0161 (decimal 353)
   defining Unicode char U+0162 (decimal 354)
   defining Unicode char U+0163 (decimal 355)
   defining Unicode char U+0164 (decimal 356)
   defining Unicode char U+0165 (decimal 357)
   defining Unicode char U+0168 (decimal 360)
   defining Unicode char U+0169 (decimal 361)
   defining Unicode char U+016A (decimal 362)
   defining Unicode char U+016B (decimal 363)
   defining Unicode char U+016C (decimal 364)
   defining Unicode char U+016D (decimal 365)
   defining Unicode char U+016E (decimal 366)
   defining Unicode char U+016F (decimal 367)
   defining Unicode char U+0170 (decimal 368)
   defining Unicode char U+0171 (decimal 369)
   defining Unicode char U+0172 (decimal 370)
   defining Unicode char U+0173 (decimal 371)
   defining Unicode char U+0174 (decimal 372)
   defining Unicode char U+0175 (decimal 373)
   defining Unicode char U+0176 (decimal 374)
   defining Unicode char U+0177 (decimal 375)
   defining Unicode char U+0178 (decimal 376)
   defining Unicode char U+0179 (decimal 377)
   defining Unicode char U+017A (decimal 378)
   defining Unicode char U+017B (decimal 379)
   defining Unicode char U+017C (decimal 380)
   defining Unicode char U+017D (decimal 381)
   defining Unicode char U+017E (decimal 382)
   defining Unicode char U+01CD (decimal 461)
   defining Unicode char U+01CE (decimal 462)
   defining Unicode char U+01CF (decimal 463)
   defining Unicode char U+01D0 (decimal 464)
   defining Unicode char U+01D1 (decimal 465)
   defining Unicode char U+01D2 (decimal 466)
   defining Unicode char U+01D3 (decimal 467)
   defining Unicode char U+01D4 (decimal 468)
   defining Unicode char U+01E2 (decimal 482)
   defining Unicode char U+01E3 (decimal 483)
   defining Unicode char U+01E6 (decimal 486)
   defining Unicode char U+01E7 (decimal 487)
   defining Unicode char U+01E8 (decimal 488)
   defining Unicode char U+01E9 (decimal 489)
   defining Unicode char U+01EA (decimal 490)
   defining Unicode char U+01EB (decimal 491)
   defining Unicode char U+01F0 (decimal 496)
   defining Unicode char U+01F4 (decimal 500)
   defining Unicode char U+01F5 (decimal 501)
   defining Unicode char U+0218 (decimal 536)
   defining Unicode char U+0219 (decimal 537)
   defining Unicode char U+021A (decimal 538)
   defining Unicode char U+021B (decimal 539)
   defining Unicode char U+0232 (decimal 562)
   defining Unicode char U+0233 (decimal 563)
   defining Unicode char U+1E02 (decimal 7682)
   defining Unicode char U+1E03 (decimal 7683)
   defining Unicode char U+200C (decimal 8204)
   defining Unicode char U+2010 (decimal 8208)
   defining Unicode char U+2011 (decimal 8209)
   defining Unicode char U+2012 (decimal 8210)
   defining Unicode char U+2013 (decimal 8211)
   defining Unicode char U+2014 (decimal 8212)
   defining Unicode char U+2015 (decimal 8213)
   defining Unicode char U+2018 (decimal 8216)
   defining Unicode char U+2019 (decimal 8217)
   defining Unicode char U+201A (decimal 8218)
   defining Unicode char U+201C (decimal 8220)
   defining Unicode char U+201D (decimal 8221)
   defining Unicode char U+201E (decimal 8222)
   defining Unicode char U+2030 (decimal 8240)
   defining Unicode char U+2031 (decimal 8241)
   defining Unicode char U+2039 (decimal 8249)
   defining Unicode char U+203A (decimal 8250)
   defining Unicode char U+2423 (decimal 9251)
   defining Unicode char U+1E20 (decimal 7712)
   defining Unicode char U+1E21 (decimal 7713)
)
Now handling font encoding OT1 ...
... processing UTF-8 mapping file for font encoding OT1

(c:/texlive/2017/texmf-dist/tex/latex/base/ot1enc.dfu
File: ot1enc.dfu 2017/01/28 v1.1t UTF-8 support for inputenc
   defining Unicode char U+00A0 (decimal 160)
   defining Unicode char U+00A1 (decimal 161)
   defining Unicode char U+00A3 (decimal 163)
   defining Unicode char U+00AD (decimal 173)
   defining Unicode char U+00B8 (decimal 184)
   defining Unicode char U+00BF (decimal 191)
   defining Unicode char U+00C5 (decimal 197)
   defining Unicode char U+00C6 (decimal 198)
   defining Unicode char U+00D8 (decimal 216)
   defining Unicode char U+00DF (decimal 223)
   defining Unicode char U+00E6 (decimal 230)
   defining Unicode char U+00EC (decimal 236)
   defining Unicode char U+00ED (decimal 237)
   defining Unicode char U+00EE (decimal 238)
   defining Unicode char U+00EF (decimal 239)
   defining Unicode char U+00F8 (decimal 248)
   defining Unicode char U+0131 (decimal 305)
   defining Unicode char U+0141 (decimal 321)
   defining Unicode char U+0142 (decimal 322)
   defining Unicode char U+0152 (decimal 338)
   defining Unicode char U+0153 (decimal 339)
   defining Unicode char U+0174 (decimal 372)
   defining Unicode char U+0175 (decimal 373)
   defining Unicode char U+0176 (decimal 374)
   defining Unicode char U+0177 (decimal 375)
   defining Unicode char U+0218 (decimal 536)
   defining Unicode char U+0219 (decimal 537)
   defining Unicode char U+021A (decimal 538)
   defining Unicode char U+021B (decimal 539)
   defining Unicode char U+2013 (decimal 8211)
   defining Unicode char U+2014 (decimal 8212)
   defining Unicode char U+2018 (decimal 8216)
   defining Unicode char U+2019 (decimal 8217)
   defining Unicode char U+201C (decimal 8220)
   defining Unicode char U+201D (decimal 8221)
)
Now handling font encoding OMS ...
... processing UTF-8 mapping file for font encoding OMS

(c:/texlive/2017/texmf-dist/tex/latex/base/omsenc.dfu
File: omsenc.dfu 2017/01/28 v1.1t UTF-8 support for inputenc
   defining Unicode char U+00A7 (decimal 167)
   defining Unicode char U+00B6 (decimal 182)
   defining Unicode char U+00B7 (decimal 183)
   defining Unicode char U+2020 (decimal 8224)
   defining Unicode char U+2021 (decimal 8225)
   defining Unicode char U+2022 (decimal 8226)
)
Now handling font encoding OMX ...
... no UTF-8 mapping file for font encoding OMX
Now handling font encoding U ...
... no UTF-8 mapping file for font encoding U
   defining Unicode char U+00A9 (decimal 169)
   defining Unicode char U+00AA (decimal 170)
   defining Unicode char U+00AE (decimal 174)
   defining Unicode char U+00BA (decimal 186)
   defining Unicode char U+02C6 (decimal 710)
   defining Unicode char U+02DC (decimal 732)
   defining Unicode char U+200C (decimal 8204)
   defining Unicode char U+2026 (decimal 8230)
   defining Unicode char U+2122 (decimal 8482)
   defining Unicode char U+2423 (decimal 9251)
))
(c:/texlive/2017/texmf-dist/tex/latex/graphics/graphicx.sty
Package: graphicx 2017/06/01 v1.1a Enhanced LaTeX Graphics (DPC,SPQR)

(c:/texlive/2017/texmf-dist/tex/latex/graphics/graphics.sty
Package: graphics 2017/06/25 v1.2c Standard LaTeX Graphics (DPC,SPQR)

(c:/texlive/2017/texmf-dist/tex/latex/graphics/trig.sty
Package: trig 2016/01/03 v1.10 sin cos tan (DPC)
)
(c:/texlive/2017/texmf-dist/tex/latex/graphics-cfg/graphics.cfg
File: graphics.cfg 2016/06/04 v1.11 sample graphics configuration
)
Package graphics Info: Driver file: pdftex.def on input line 99.

(c:/texlive/2017/texmf-dist/tex/latex/graphics-def/pdftex.def
File: pdftex.def 2018/01/08 v1.0l Graphics/color driver for pdftex
))
\Gin@req@height=\dimen104
\Gin@req@width=\dimen105
)
(c:/texlive/2017/texmf-dist/tex/latex/amsmath/amsmath.sty
Package: amsmath 2017/09/02 v2.17a AMS math features
\@mathmargin=\skip55

For additional information on amsmath, use the `?' option.
(c:/texlive/2017/texmf-dist/tex/latex/amsmath/amstext.sty
Package: amstext 2000/06/29 v2.01 AMS text

(c:/texlive/2017/texmf-dist/tex/latex/amsmath/amsgen.sty
File: amsgen.sty 1999/11/30 v2.0 generic functions
\@emptytoks=\toks17
\ex@=\dimen106
))
(c:/texlive/2017/texmf-dist/tex/latex/amsmath/amsbsy.sty
Package: amsbsy 1999/11/29 v1.2d Bold Symbols
\pmbraise@=\dimen107
)
(c:/texlive/2017/texmf-dist/tex/latex/amsmath/amsopn.sty
Package: amsopn 2016/03/08 v2.02 operator names
)
\inf@bad=\count90
LaTeX Info: Redefining \frac on input line 213.
\uproot@=\count91
\leftroot@=\count92
LaTeX Info: Redefining \overline on input line 375.
\classnum@=\count93
\DOTSCASE@=\count94
LaTeX Info: Redefining \ldots on input line 472.
LaTeX Info: Redefining \dots on input line 475.
LaTeX Info: Redefining \cdots on input line 596.
\Mathstrutbox@=\box28
\strutbox@=\box29
\big@size=\dimen108
LaTeX Font Info:    Redeclaring font encoding OML on input line 712.
LaTeX Font Info:    Redeclaring font encoding OMS on input line 713.
\macc@depth=\count95
\c@MaxMatrixCols=\count96
\dotsspace@=\muskip10
\c@parentequation=\count97
\dspbrk@lvl=\count98
\tag@help=\toks18
\row@=\count99
\column@=\count100
\maxfields@=\count101
\andhelp@=\toks19
\eqnshift@=\dimen109
\alignsep@=\dimen110
\tagshift@=\dimen111
\tagwidth@=\dimen112
\totwidth@=\dimen113
\lineht@=\dimen114
\@envbody=\toks20
\multlinegap=\skip56
\multlinetaggap=\skip57
\mathdisplay@stack=\toks21
LaTeX Info: Redefining \[ on input line 2817.
LaTeX Info: Redefining \] on input line 2818.
)
(c:/texlive/2017/texmf-dist/tex/latex/amsfonts/amssymb.sty
Package: amssymb 2013/01/14 v3.01 AMS font symbols

(c:/texlive/2017/texmf-dist/tex/latex/amsfonts/amsfonts.sty
Package: amsfonts 2013/01/14 v3.01 Basic AMSFonts support
\symAMSa=\mathgroup4
\symAMSb=\mathgroup5
LaTeX Font Info:    Overwriting math alphabet `\mathfrak' in version `bold'
(Font)                  U/euf/m/n --> U/euf/b/n on input line 106.
))
(c:/texlive/2017/texmf-dist/tex/latex/tools/multicol.sty
Package: multicol 2017/04/11 v1.8q multicolumn formatting (FMi)
\c@tracingmulticols=\count102
\mult@box=\box30
\multicol@leftmargin=\dimen115
\c@unbalance=\count103
\c@collectmore=\count104
\doublecol@number=\count105
\multicoltolerance=\count106
\multicolpretolerance=\count107
\full@width=\dimen116
\page@free=\dimen117
\premulticols=\dimen118
\postmulticols=\dimen119
\multicolsep=\skip58
\multicolbaselineskip=\skip59
\partial@page=\box31
\last@line=\box32
\maxbalancingoverflow=\dimen120
\mult@rightbox=\box33
\mult@grightbox=\box34
\mult@gfirstbox=\box35
\mult@firstbox=\box36
\@tempa=\box37
\@tempa=\box38
\@tempa=\box39
\@tempa=\box40
\@tempa=\box41
\@tempa=\box42
\@tempa=\box43
\@tempa=\box44
\@tempa=\box45
\@tempa=\box46
\@tempa=\box47
\@tempa=\box48
\@tempa=\box49
\@tempa=\box50
\@tempa=\box51
\@tempa=\box52
\@tempa=\box53
\c@columnbadness=\count108
\c@finalcolumnbadness=\count109
\last@try=\dimen121
\multicolovershoot=\dimen122
\multicolundershoot=\dimen123
\mult@nat@firstbox=\box54
\colbreak@box=\box55
\mc@col@check@num=\count110
)
(c:/texlive/2017/texmf-dist/tex/latex/psnfss/helvet.sty
Package: helvet 2005/04/12 PSNFSS-v9.2a (WaS) 
)
(c:/texlive/2017/texmf-dist/tex/latex/lastpage/lastpage.sty
Package: lastpage 2015/03/29 v1.2m Refers to last page's name (HMM; JPG)
)
(c:/texlive/2017/texmf-dist/tex/latex/geometry/geometry.sty
Package: geometry 2010/09/12 v5.6 Page Geometry

(c:/texlive/2017/texmf-dist/tex/generic/oberdiek/ifpdf.sty
Package: ifpdf 2017/03/15 v3.2 Provides the ifpdf switch
)
(c:/texlive/2017/texmf-dist/tex/generic/oberdiek/ifvtex.sty
Package: ifvtex 2016/05/16 v1.6 Detect VTeX and its facilities (HO)
Package ifvtex Info: VTeX not detected.
)
(c:/texlive/2017/texmf-dist/tex/generic/ifxetex/ifxetex.sty
Package: ifxetex 2010/09/12 v0.6 Provides ifxetex conditional
)
\Gm@cnth=\count111
\Gm@cntv=\count112
\c@Gm@tempcnt=\count113
\Gm@bindingoffset=\dimen124
\Gm@wd@mp=\dimen125
\Gm@odd@mp=\dimen126
\Gm@even@mp=\dimen127
\Gm@layoutwidth=\dimen128
\Gm@layoutheight=\dimen129
\Gm@layouthoffset=\dimen130
\Gm@layoutvoffset=\dimen131
\Gm@dimlist=\toks22
)
(c:/texlive/2017/texmf-dist/tex/latex/colortbl/colortbl.sty
Package: colortbl 2012/02/13 v1.0a Color table columns (DPC)

(c:/texlive/2017/texmf-dist/tex/latex/tools/array.sty
Package: array 2016/10/06 v2.4d Tabular extension package (FMi)
\col@sep=\dimen132
\extrarowheight=\dimen133
\NC@list=\toks23
\extratabsurround=\skip60
\backup@length=\skip61
)
(c:/texlive/2017/texmf-dist/tex/latex/graphics/color.sty
Package: color 2016/07/10 v1.1e Standard LaTeX Color (DPC)

(c:/texlive/2017/texmf-dist/tex/latex/graphics-cfg/color.cfg
File: color.cfg 2016/01/02 v1.6 sample color configuration
)
Package color Info: Driver file: pdftex.def on input line 147.
)
\everycr=\toks24
\minrowclearance=\skip62
)
(c:/texlive/2017/texmf-dist/tex/latex/multirow/multirow.sty
Package: multirow 2016/11/25 v2.2 Span multiple rows of a table
\multirow@colwidth=\skip63
\multirow@cntb=\count114
\multirow@dima=\skip64
\bigstrutjot=\dimen134
)
(c:/texlive/2017/texmf-dist/tex/latex/wrapfig/wrapfig.sty
\wrapoverhang=\dimen135
\WF@size=\dimen136
\c@WF@wrappedlines=\count115
\WF@box=\box56
\WF@everypar=\toks25
Package: wrapfig 2003/01/31  v 3.6
)
(c:/texlive/2017/texmf-dist/tex/latex/koma-script/scrlayer-scrpage.sty
Package: scrlayer-scrpage 2017/09/07 v3.24 KOMA-Script package (end user interf
ace for scrlayer)

(c:/texlive/2017/texmf-dist/tex/latex/koma-script/scrlayer.sty
Package: scrlayer 2017/09/07 v3.24 KOMA-Script package (defining layers and pag
e styles)
Package scrlayer Info: Using already defined \footheight
(scrlayer)             hoping, that this is a length and
(scrlayer)             not only a macro on input line 109.
Package scrlayer Info: patching LaTeX kernel macro \pagestyle on input line 199
7.
)
Package scrlayer-scrpage Info: deactivating warning for font element
(scrlayer-scrpage)             `pagefoot' on input line 1247.
)
Package scrlayer-scrpage Info: auto-selection of `pagestyleset=KOMA-Script'.

(c:/texlive/2017/texmf-dist/tex/latex/booktabs/booktabs.sty
Package: booktabs 2016/04/27 v1.618033 publication quality tables
\heavyrulewidth=\dimen137
\lightrulewidth=\dimen138
\cmidrulewidth=\dimen139
\belowrulesep=\dimen140
\belowbottomsep=\dimen141
\aboverulesep=\dimen142
\abovetopsep=\dimen143
\cmidrulesep=\dimen144
\cmidrulekern=\dimen145
\defaultaddspace=\dimen146
\@cmidla=\count116
\@cmidlb=\count117
\@aboverulesep=\dimen147
\@belowrulesep=\dimen148
\@thisruleclass=\count118
\@lastruleclass=\count119
\@thisrulewidth=\dimen149
)
(c:/texlive/2017/texmf-dist/tex/latex/tools/tabularx.sty
Package: tabularx 2016/02/03 v2.11 `tabularx' package (DPC)
\TX@col@width=\dimen150
\TX@old@table=\dimen151
\TX@old@col=\dimen152
\TX@target=\dimen153
\TX@delta=\dimen154
\TX@cols=\count120
\TX@ftn=\toks26
)
(c:/texlive/2017/texmf-dist/tex/latex/enumitem/enumitem.sty
Package: enumitem 2011/09/28 v3.5.2 Customized lists
\labelindent=\skip65
\enit@outerparindent=\dimen155
\enit@toks=\toks27
\enit@inbox=\box57
\enitdp@description=\count121
)
\enitdp@citemize=\count122


Class scrartcl Warning: Usage of package `titlesec' together
(scrartcl)              with a KOMA-Script class is not recommended.
(scrartcl)              I'd suggest to use the package only
(scrartcl)              if you really need it, because it breaks several
(scrartcl)              KOMA-Script features, i.e., option `headings' and
(scrartcl)              the extended optional argument of the section
(scrartcl)              commands.
(scrartcl)              Nevertheless, using requested
(scrartcl)              package `titlesec' on input line 44.

(c:/texlive/2017/texmf-dist/tex/latex/titlesec/titlesec.sty
Package: titlesec 2016/03/21 v2.10.2 Sectioning titles
\ttl@box=\box58
\beforetitleunit=\skip66
\aftertitleunit=\skip67
\ttl@plus=\dimen156
\ttl@minus=\dimen157
\ttl@toksa=\toks28
\titlewidth=\dimen158
\titlewidthlast=\dimen159
\titlewidthfirst=\dimen160


Package titlesec Warning: Non standard sectioning command detected
(titlesec)                Using default spacing and no format.


Package titlesec Warning: Non standard sectioning command detected
(titlesec)                Using default spacing and no format.


Package titlesec Warning: Non standard sectioning command detected
(titlesec)                Using default spacing and no format.


Package titlesec Warning: Non standard sectioning command detected
(titlesec)                Using default spacing and no format.


Package titlesec Warning: Non standard sectioning command detected
(titlesec)                Using default spacing and no format.

)

Class scrartcl Warning: Activating an ugly workaround for a missing
(scrartcl)              feature of package `titlesec` on input line 44.


LaTeX Warning: Unused global option(s):
    [openright=true].

(./Zusammenfassung.aux)
\openout1 = `Zusammenfassung.aux'.

LaTeX Font Info:    Checking defaults for OML/cmm/m/it on input line 46.
LaTeX Font Info:    ... okay on input line 46.
LaTeX Font Info:    Checking defaults for T1/cmr/m/n on input line 46.
LaTeX Font Info:    ... okay on input line 46.
LaTeX Font Info:    Checking defaults for OT1/cmr/m/n on input line 46.
LaTeX Font Info:    ... okay on input line 46.
LaTeX Font Info:    Checking defaults for OMS/cmsy/m/n on input line 46.
LaTeX Font Info:    ... okay on input line 46.
LaTeX Font Info:    Checking defaults for OMX/cmex/m/n on input line 46.
LaTeX Font Info:    ... okay on input line 46.
LaTeX Font Info:    Checking defaults for U/cmr/m/n on input line 46.
LaTeX Font Info:    ... okay on input line 46.
LaTeX Font Info:    Try loading font information for OT1+phv on input line 46.
 (c:/texlive/2017/texmf-dist/tex/latex/psnfss/ot1phv.fd
File: ot1phv.fd 2001/06/04 scalable font definitions for OT1/phv.
) (c:/texlive/2017/texmf-dist/tex/context/base/mkii/supp-pdf.mkii
[Loading MPS to PDF converter (version 2006.09.02).]
\scratchcounter=\count123
\scratchdimen=\dimen161
\scratchbox=\box59
\nofMPsegments=\count124
\nofMParguments=\count125
\everyMPshowfont=\toks29
\MPscratchCnt=\count126
\MPscratchDim=\dimen162
\MPnumerator=\count127
\makeMPintoPDFobject=\count128
\everyMPtoPDFconversion=\toks30
) (c:/texlive/2017/texmf-dist/tex/latex/oberdiek/epstopdf-base.sty
Package: epstopdf-base 2016/05/15 v2.6 Base part for package epstopdf

(c:/texlive/2017/texmf-dist/tex/generic/oberdiek/infwarerr.sty
Package: infwarerr 2016/05/16 v1.4 Providing info/warning/error messages (HO)
)
(c:/texlive/2017/texmf-dist/tex/latex/oberdiek/grfext.sty
Package: grfext 2016/05/16 v1.2 Manage graphics extensions (HO)

(c:/texlive/2017/texmf-dist/tex/generic/oberdiek/kvdefinekeys.sty
Package: kvdefinekeys 2016/05/16 v1.4 Define keys (HO)

(c:/texlive/2017/texmf-dist/tex/generic/oberdiek/ltxcmds.sty
Package: ltxcmds 2016/05/16 v1.23 LaTeX kernel commands for general use (HO)
)))
(c:/texlive/2017/texmf-dist/tex/latex/oberdiek/kvoptions.sty
Package: kvoptions 2016/05/16 v3.12 Key value format for package options (HO)

(c:/texlive/2017/texmf-dist/tex/generic/oberdiek/kvsetkeys.sty
Package: kvsetkeys 2016/05/16 v1.17 Key value parser (HO)

(c:/texlive/2017/texmf-dist/tex/generic/oberdiek/etexcmds.sty
Package: etexcmds 2016/05/16 v1.6 Avoid name clashes with e-TeX commands (HO)

(c:/texlive/2017/texmf-dist/tex/generic/oberdiek/ifluatex.sty
Package: ifluatex 2016/05/16 v1.4 Provides the ifluatex switch (HO)
Package ifluatex Info: LuaTeX not detected.
)
Package etexcmds Info: Could not find \expanded.
(etexcmds)             That can mean that you are not using pdfTeX 1.50 or
(etexcmds)             that some package has redefined \expanded.
(etexcmds)             In the latter case, load this package earlier.
)))
(c:/texlive/2017/texmf-dist/tex/generic/oberdiek/pdftexcmds.sty
Package: pdftexcmds 2018/01/21 v0.26 Utility functions of pdfTeX for LuaTeX (HO
)
Package pdftexcmds Info: LuaTeX not detected.
Package pdftexcmds Info: \pdf@primitive is available.
Package pdftexcmds Info: \pdf@ifprimitive is available.
Package pdftexcmds Info: \pdfdraftmode found.
)
Package epstopdf-base Info: Redefining graphics rule for `.eps' on input line 4
38.
Package grfext Info: Graphics extension search list:
(grfext)             [.pdf,.png,.jpg,.mps,.jpeg,.jbig2,.jb2,.PDF,.PNG,.JPG,.JPE
G,.JBIG2,.JB2,.eps]
(grfext)             \AppendGraphicsExtensions on input line 456.

(c:/texlive/2017/texmf-dist/tex/latex/latexconfig/epstopdf-sys.cfg
File: epstopdf-sys.cfg 2010/07/13 v1.3 Configuration of (r)epstopdf for TeX Liv
e
))
Package lastpage Info: Please have a look at the pageslts package at
(lastpage)             https://www.ctan.org/pkg/pageslts
(lastpage)             ! on input line 46.

*geometry* driver: auto-detecting
*geometry* detected driver: pdftex
*geometry* verbose mode - [ preamble ] result:
* driver: pdftex
* paper: <default>
* layout: <same size as paper>
* layoutoffset:(h,v)=(0.0pt,0.0pt)
* modes: 
* h-part:(L,W,R)=(85.35826pt, 455.24417pt, 56.9055pt)
* v-part:(T,H,B)=(108.12047pt, 680.02097pt, 56.9055pt)
* \paperwidth=597.50793pt
* \paperheight=845.04694pt
* \textwidth=455.24417pt
* \textheight=680.02097pt
* \oddsidemargin=13.08827pt
* \evensidemargin=13.08827pt
* \topmargin=-3.14952pt
* \headheight=15.0pt
* \headsep=24.0pt
* \topskip=10.0pt
* \footskip=16.2679pt
* \marginparwidth=74.68849pt
* \marginparsep=12.8401pt
* \columnsep=10.0pt
* \skip\footins=9.0pt plus 4.0pt minus 2.0pt
* \hoffset=0.0pt
* \voffset=0.0pt
* \mag=1000
* \@twocolumnfalse
* \@twosidefalse
* \@mparswitchfalse
* \@reversemarginfalse
* (1in=72.27pt=25.4mm, 1cm=28.453pt)

<images/HSRLOGO.jpg, id=1, 963.6pt x 376.40625pt>
File: images/HSRLOGO.jpg Graphic file (type jpg)
<use images/HSRLOGO.jpg>
Package pdftex.def Info: images/HSRLOGO.jpg  used on input line 54.
(pdftex.def)             Requested size: 115.2006pt x 45.0pt.
LaTeX Font Info:    Try loading font information for U+msa on input line 68.
(c:/texlive/2017/texmf-dist/tex/latex/amsfonts/umsa.fd
File: umsa.fd 2013/01/14 v3.01 AMS symbols A
)
LaTeX Font Info:    Try loading font information for U+msb on input line 68.

(c:/texlive/2017/texmf-dist/tex/latex/amsfonts/umsb.fd
File: umsb.fd 2013/01/14 v3.01 AMS symbols B
) [1

{c:/texlive/2017/texmf-var/fonts/map/pdftex/updmap/pdftex.map} <./images/HSRLOG
O.jpg>]
LaTeX Font Info:    Font shape `OT1/phv/bx/n' in size <10> not available
(Font)              Font shape `OT1/phv/b/n' tried instead on input line 74.
LaTeX Font Info:    Font shape `OT1/phv/bx/n' in size <14.4> not available
(Font)              Font shape `OT1/phv/b/n' tried instead on input line 74.

(./Zusammenfassung.toc
File: images/HSRLOGO.jpg Graphic file (type jpg)
<use images/HSRLOGO.jpg>
Package pdftex.def Info: images/HSRLOGO.jpg  used on input line 93.
(pdftex.def)             Requested size: 115.2006pt x 45.0pt.


Package scrlayer-scrpage Warning: \headheight to low.
(scrlayer-scrpage)                At least 48.30003pt needed,
(scrlayer-scrpage)                but only 15.0pt found.
(scrlayer-scrpage)                I'll enlarge \headheight, for further
(scrlayer-scrpage)                processing, but you should do this yourself,
(scrlayer-scrpage)                e.g., setting geometry's option
(scrlayer-scrpage)                `head=48.30003pt'.
(scrlayer-scrpage)                I'll also decrease \topmargin on input line 9
3.


Overfull \vbox (33.30003pt too high) has occurred while \output is active []


[2

])
\tf@toc=\write3
\openout3 = `Zusammenfassung.toc'.

File: images/HSRLOGO.jpg Graphic file (type jpg)
<use images/HSRLOGO.jpg>
Package pdftex.def Info: images/HSRLOGO.jpg  used on input line 76.
(pdftex.def)             Requested size: 115.2006pt x 45.0pt.
 [3]
LaTeX Font Info:    Font shape `OT1/phv/bx/n' in size <12> not available
(Font)              Font shape `OT1/phv/b/n' tried instead on input line 77.
File: images/HSRLOGO.jpg Graphic file (type jpg)
<use images/HSRLOGO.jpg>
Package pdftex.def Info: images/HSRLOGO.jpg  used on input line 99.
(pdftex.def)             Requested size: 115.2006pt x 45.0pt.
 [4

]
LaTeX Font Info:    Try loading font information for OMS+phv on input line 104.

 (c:/texlive/2017/texmf-dist/tex/latex/psnfss/omsphv.fd
File: omsphv.fd 
)
LaTeX Font Info:    Font shape `OMS/phv/m/n' in size <10> not available
(Font)              Font shape `OMS/cmsy/m/n' tried instead on input line 104.

Overfull \hbox (2.42117pt too wide) in paragraph at lines 125--126
[]\OT1/phv/m/n/10 Traditionen die-nen zur Be-ein-flus-sung von zur In-for-ma-ti
-on der da-ma-li-gen und sp[]ateren Bev[]olkerung: 
 []

File: images/HSRLOGO.jpg Graphic file (type jpg)
<use images/HSRLOGO.jpg>
Package pdftex.def Info: images/HSRLOGO.jpg  used on input line 186.
(pdftex.def)             Requested size: 115.2006pt x 45.0pt.
[5

]
File: images/HSRLOGO.jpg Graphic file (type jpg)
<use images/HSRLOGO.jpg>
Package pdftex.def Info: images/HSRLOGO.jpg  used on input line 186.
(pdftex.def)             Requested size: 115.2006pt x 45.0pt.
 [6]

pdfTeX warning: pdflatex.exe (file ./images/Baustil1.pdf): PDF inclusion: found
 PDF version <1.7>, but at most version <1.5> allowed
<images/Baustil1.pdf, id=25, 460.44592pt x 302.34155pt>
File: images/Baustil1.pdf Graphic file (type pdf)
<use images/Baustil1.pdf>
Package pdftex.def Info: images/Baustil1.pdf  used on input line 206.
(pdftex.def)             Requested size: 364.19672pt x 239.14246pt.
File: images/HSRLOGO.jpg Graphic file (type jpg)
<use images/HSRLOGO.jpg>
Package pdftex.def Info: images/HSRLOGO.jpg  used on input line 207.
(pdftex.def)             Requested size: 115.2006pt x 45.0pt.
[7

]
File: images/HSRLOGO.jpg Graphic file (type jpg)
<use images/HSRLOGO.jpg>
Package pdftex.def Info: images/HSRLOGO.jpg  used on input line 221.
(pdftex.def)             Requested size: 115.2006pt x 45.0pt.
 [8 <./images/Baustil1.pdf>]
Overfull \hbox (2.70108pt too wide) in paragraph at lines 236--237
[]\OT1/phv/m/n/10 Die neu-en wis-sen-schaft-li-chen Er-kennt-nis-se wer-den zu-
erst in Gross-bri-tan-ni-en wirt-schaft-lich n[]utzlich
 []



pdfTeX warning: pdflatex.exe (file ./images/Barock.pdf): PDF inclusion: found P
DF version <1.7>, but at most version <1.5> allowed
<images/Barock.pdf, id=48, 467.84264pt x 231.14757pt>
File: images/Barock.pdf Graphic file (type pdf)
<use images/Barock.pdf>
Package pdftex.def Info: images/Barock.pdf  used on input line 241.
(pdftex.def)             Requested size: 455.24417pt x 224.9359pt.
File: images/HSRLOGO.jpg Graphic file (type jpg)
<use images/HSRLOGO.jpg>
Package pdftex.def Info: images/HSRLOGO.jpg  used on input line 242.
(pdftex.def)             Requested size: 115.2006pt x 45.0pt.
[9 <./images/Barock.pdf>]
File: images/HSRLOGO.jpg Graphic file (type jpg)
<use images/HSRLOGO.jpg>
Package pdftex.def Info: images/HSRLOGO.jpg  used on input line 260.
(pdftex.def)             Requested size: 115.2006pt x 45.0pt.
 [10


]

pdfTeX warning: pdflatex.exe (file ./images/textil_1.pdf): PDF inclusion: found
 PDF version <1.6>, but at most version <1.5> allowed
<images/textil_1.pdf, id=64, 384.4463pt x 291.05739pt>
File: images/textil_1.pdf Graphic file (type pdf)
<use images/textil_1.pdf>
Package pdftex.def Info: images/textil_1.pdf  used on input line 264.
(pdftex.def)             Requested size: 364.19672pt x 275.73016pt.

Underfull \hbox (badness 10000) in paragraph at lines 263--265

 []

File: images/HSRLOGO.jpg Graphic file (type jpg)
<use images/HSRLOGO.jpg>
Package pdftex.def Info: images/HSRLOGO.jpg  used on input line 270.
(pdftex.def)             Requested size: 115.2006pt x 45.0pt.
[11 <./images/textil_1.pdf>]
File: images/HSRLOGO.jpg Graphic file (type jpg)
<use images/HSRLOGO.jpg>
Package pdftex.def Info: images/HSRLOGO.jpg  used on input line 295.
(pdftex.def)             Requested size: 115.2006pt x 45.0pt.
 [12]

pdfTeX warning: pdflatex.exe (file ./images/maschinen.pdf): PDF inclusion: foun
d PDF version <1.7>, but at most version <1.5> allowed
<images/maschinen.pdf, id=76, 562.15018pt x 261.65855pt>
File: images/maschinen.pdf Graphic file (type pdf)
<use images/maschinen.pdf>
Package pdftex.def Info: images/maschinen.pdf  used on input line 297.
(pdftex.def)             Requested size: 455.24417pt x 211.90631pt.

Overfull \hbox (15.80516pt too wide) in paragraph at lines 296--298
\OT1/phv/m/n/10 Wer []in-dus-tri-el-le Re-vo-lu-ti-on \in Gross-bri-tan-ni-en s
agt, sagt Baum-woll-in-dus-trie. Um 1700 wa-ren die Engl[]ander
 []


Underfull \hbox (badness 10000) in paragraph at lines 296--298

 []

File: images/HSRLOGO.jpg Graphic file (type jpg)
<use images/HSRLOGO.jpg>
Package pdftex.def Info: images/HSRLOGO.jpg  used on input line 298.
(pdftex.def)             Requested size: 115.2006pt x 45.0pt.
[13 <./images/maschinen.pdf>]
LaTeX Font Info:    Font shape `OT1/phv/m/it' in size <10> not available
(Font)              Font shape `OT1/phv/m/sl' tried instead on input line 305.
<images/Industrieentwicklung.png, id=103, 727.71875pt x 401.5pt>
File: images/Industrieentwicklung.png Graphic file (type png)
<use images/Industrieentwicklung.png>
Package pdftex.def Info: images/Industrieentwicklung.png  used on input line 31
2.
(pdftex.def)             Requested size: 295.90593pt x 163.26213pt.
File: images/HSRLOGO.jpg Graphic file (type jpg)
<use images/HSRLOGO.jpg>
Package pdftex.def Info: images/HSRLOGO.jpg  used on input line 316.
(pdftex.def)             Requested size: 115.2006pt x 45.0pt.
 [14


 <./images/Industrieentwicklung.png>]
File: images/HSRLOGO.jpg Graphic file (type jpg)
<use images/HSRLOGO.jpg>
Package pdftex.def Info: images/HSRLOGO.jpg  used on input line 357.
(pdftex.def)             Requested size: 115.2006pt x 45.0pt.
 [15]

pdfTeX warning: pdflatex.exe (file ./images/owen.pdf): PDF inclusion: found PDF
 version <1.6>, but at most version <1.5> allowed
<images/owen.pdf, id=111, 87.54707pt x 125.14755pt>
File: images/owen.pdf Graphic file (type pdf)
<use images/owen.pdf>
Package pdftex.def Info: images/owen.pdf  used on input line 360.
(pdftex.def)             Requested size: 49.76207pt x 71.13188pt.


pdfTeX warning: pdflatex.exe (file ./images/declaude.pdf): PDF inclusion: found
 PDF version <1.6>, but at most version <1.5> allowed
<images/declaude.pdf, id=112, 104.56064pt x 114.80893pt>
File: images/declaude.pdf Graphic file (type pdf)
<use images/declaude.pdf>
Package pdftex.def Info: images/declaude.pdf  used on input line 366.
(pdftex.def)             Requested size: 64.78383pt x 71.13188pt.

Overfull \hbox (7.87833pt too wide) in paragraph at lines 366--367
[][] 
 []



pdfTeX warning: pdflatex.exe (file ./images/bakunin.pdf): PDF inclusion: found 
PDF version <1.6>, but at most version <1.5> allowed
<images/bakunin.pdf, id=113, 76.88725pt x 89.43413pt>
File: images/bakunin.pdf Graphic file (type pdf)
<use images/bakunin.pdf>
Package pdftex.def Info: images/bakunin.pdf  used on input line 372.
(pdftex.def)             Requested size: 61.15439pt x 71.13188pt.

Overfull \hbox (4.24889pt too wide) in paragraph at lines 372--373
[][] 
 []



pdfTeX warning: pdflatex.exe (file ./images/marx.pdf): PDF inclusion: found PDF
 version <1.6>, but at most version <1.5> allowed
<images/marx.pdf, id=114, 94.90457pt x 101.43898pt>
File: images/marx.pdf Graphic file (type pdf)
<use images/marx.pdf>
Package pdftex.def Info: images/marx.pdf  used on input line 378.
(pdftex.def)             Requested size: 66.55003pt x 71.13188pt.

Overfull \hbox (9.64453pt too wide) in paragraph at lines 378--379
[][] 
 []

File: images/HSRLOGO.jpg Graphic file (type jpg)
<use images/HSRLOGO.jpg>
Package pdftex.def Info: images/HSRLOGO.jpg  used on input line 380.
(pdftex.def)             Requested size: 115.2006pt x 45.0pt.
[16 <./images/owen.pdf> <./images/declaude.pdf> <./images/bakunin.pdf>]
File: images/HSRLOGO.jpg Graphic file (type jpg)
<use images/HSRLOGO.jpg>
Package pdftex.def Info: images/HSRLOGO.jpg  used on input line 383.
(pdftex.def)             Requested size: 115.2006pt x 45.0pt.

[17 <./images/marx.pdf>]
File: images/HSRLOGO.jpg Graphic file (type jpg)
<use images/HSRLOGO.jpg>
Package pdftex.def Info: images/HSRLOGO.jpg  used on input line 402.
(pdftex.def)             Requested size: 115.2006pt x 45.0pt.
 [18

]
File: images/HSRLOGO.jpg Graphic file (type jpg)
<use images/HSRLOGO.jpg>
Package pdftex.def Info: images/HSRLOGO.jpg  used on input line 433.
(pdftex.def)             Requested size: 115.2006pt x 45.0pt.
 [19]
Overfull \hbox (1.4347pt too wide) in paragraph at lines 440--441
\OT1/phv/m/n/10 kei-ne ei-ge-ne Au-to-in-dus-trie verf[]ugen. Ho-he tech-ni-sch
e Zu-verl[]assigkeit kom-bi-niert mit ho-her Freiz[]ugigkeit.
 []

File: images/HSRLOGO.jpg Graphic file (type jpg)
<use images/HSRLOGO.jpg>
Package pdftex.def Info: images/HSRLOGO.jpg  used on input line 449.
(pdftex.def)             Requested size: 115.2006pt x 45.0pt.
[20]
File: images/HSRLOGO.jpg Graphic file (type jpg)
<use images/HSRLOGO.jpg>
Package pdftex.def Info: images/HSRLOGO.jpg  used on input line 449.
(pdftex.def)             Requested size: 115.2006pt x 45.0pt.
 [21]

pdfTeX warning: pdflatex.exe (file ./images/kanal.pdf): PDF inclusion: found PD
F version <1.6>, but at most version <1.5> allowed
<images/kanal.pdf, id=154, 436.63126pt x 258.9675pt>
File: images/kanal.pdf Graphic file (type pdf)
<use images/kanal.pdf>
Package pdftex.def Info: images/kanal.pdf  used on input line 470.
(pdftex.def)             Requested size: 295.90593pt x 175.50282pt.
File: images/HSRLOGO.jpg Graphic file (type jpg)
<use images/HSRLOGO.jpg>
Package pdftex.def Info: images/HSRLOGO.jpg  used on input line 472.
(pdftex.def)             Requested size: 115.2006pt x 45.0pt.
[22

]
Underfull \hbox (badness 10000) in paragraph at lines 488--490

 []

File: images/HSRLOGO.jpg Graphic file (type jpg)
<use images/HSRLOGO.jpg>
Package pdftex.def Info: images/HSRLOGO.jpg  used on input line 498.
(pdftex.def)             Requested size: 115.2006pt x 45.0pt.
[23 <./images/kanal.pdf>]
File: images/HSRLOGO.jpg Graphic file (type jpg)
<use images/HSRLOGO.jpg>
Package pdftex.def Info: images/HSRLOGO.jpg  used on input line 511.
(pdftex.def)             Requested size: 115.2006pt x 45.0pt.
 [24]

pdfTeX warning: pdflatex.exe (file ./images/felderwirtschaft.pdf): PDF inclusio
n: found PDF version <1.7>, but at most version <1.5> allowed
<images/felderwirtschaft.pdf, id=168, 565.23642pt x 193.9265pt>
File: images/felderwirtschaft.pdf Graphic file (type pdf)
<use images/felderwirtschaft.pdf>
Package pdftex.def Info: images/felderwirtschaft.pdf  used on input line 515.
(pdftex.def)             Requested size: 455.24417pt x 156.19188pt.
File: images/HSRLOGO.jpg Graphic file (type jpg)
<use images/HSRLOGO.jpg>
Package pdftex.def Info: images/HSRLOGO.jpg  used on input line 527.
(pdftex.def)             Requested size: 115.2006pt x 45.0pt.
[25

 <./images/felderwirtschaft.pdf>]
File: images/HSRLOGO.jpg Graphic file (type jpg)
<use images/HSRLOGO.jpg>
Package pdftex.def Info: images/HSRLOGO.jpg  used on input line 534.
(pdftex.def)             Requested size: 115.2006pt x 45.0pt.
 [26]

pdfTeX warning: pdflatex.exe (file ./images/strommix.pdf): PDF inclusion: found
 PDF version <1.7>, but at most version <1.5> allowed
<images/strommix.pdf, id=183, 467.84264pt x 277.37729pt>
File: images/strommix.pdf Graphic file (type pdf)
<use images/strommix.pdf>
Package pdftex.def Info: images/strommix.pdf  used on input line 552.
(pdftex.def)             Requested size: 364.19672pt x 215.93863pt.
File: images/HSRLOGO.jpg Graphic file (type jpg)
<use images/HSRLOGO.jpg>
Package pdftex.def Info: images/HSRLOGO.jpg  used on input line 553.
(pdftex.def)             Requested size: 115.2006pt x 45.0pt.
[27

]
File: images/HSRLOGO.jpg Graphic file (type jpg)
<use images/HSRLOGO.jpg>
Package pdftex.def Info: images/HSRLOGO.jpg  used on input line 558.
(pdftex.def)             Requested size: 115.2006pt x 45.0pt.
 [28 <./images/strommix.pdf>]

pdfTeX warning: pdflatex.exe (file ./images/energiewelt.pdf): PDF inclusion: fo
und PDF version <1.7>, but at most version <1.5> allowed
<images/energiewelt.pdf, id=201, 678.6209pt x 324.2735pt>
File: images/energiewelt.pdf Graphic file (type pdf)
<use images/energiewelt.pdf>
Package pdftex.def Info: images/energiewelt.pdf  used on input line 559.
(pdftex.def)             Requested size: 364.19672pt x 174.03136pt.


pdfTeX warning: pdflatex.exe (file ./images/energieschweiz.pdf): PDF inclusion:
 found PDF version <1.7>, but at most version <1.5> allowed
<images/energieschweiz.pdf, id=202, 576.63121pt x 519.09956pt>
File: images/energieschweiz.pdf Graphic file (type pdf)
<use images/energieschweiz.pdf>
Package pdftex.def Info: images/energieschweiz.pdf  used on input line 561.
(pdftex.def)             Requested size: 409.71696pt x 368.84048pt.
File: images/HSRLOGO.jpg Graphic file (type jpg)
<use images/HSRLOGO.jpg>
Package pdftex.def Info: images/HSRLOGO.jpg  used on input line 563.
(pdftex.def)             Requested size: 115.2006pt x 45.0pt.
[29 <./images/energiewelt.pdf> <./images/energieschweiz.pdf

pdfTeX warning: pdflatex.exe (file ./images/energieschweiz.pdf): PDF inclusion:
 multiple pdfs with page group included in a single page
>]
<images/hyro.jpg, id=227, 352.26463pt x 99.52611pt>
File: images/hyro.jpg Graphic file (type jpg)
<use images/hyro.jpg>
Package pdftex.def Info: images/hyro.jpg  used on input line 595.
(pdftex.def)             Requested size: 364.19672pt x 102.90028pt.
File: images/HSRLOGO.jpg Graphic file (type jpg)
<use images/HSRLOGO.jpg>
Package pdftex.def Info: images/HSRLOGO.jpg  used on input line 596.
(pdftex.def)             Requested size: 115.2006pt x 45.0pt.
 [30

]
Overfull \hbox (39.88832pt too wide) in paragraph at lines 597--598
\OT1/phv/m/n/10 Besitzverh[]altnisse und Rechts-verh[]altnisse fest-le-gen und 
f[]ur die Zeit si-chern. Schnel-ler Fi-xie-rung. Machtaus[]ubung
 []

File: images/HSRLOGO.jpg Graphic file (type jpg)
<use images/HSRLOGO.jpg>
Package pdftex.def Info: images/HSRLOGO.jpg  used on input line 616.
(pdftex.def)             Requested size: 115.2006pt x 45.0pt.
[31 <./images/hyro.jpg>]
File: images/HSRLOGO.jpg Graphic file (type jpg)
<use images/HSRLOGO.jpg>
Package pdftex.def Info: images/HSRLOGO.jpg  used on input line 645.
(pdftex.def)             Requested size: 115.2006pt x 45.0pt.
 [32]
File: images/HSRLOGO.jpg Graphic file (type jpg)
<use images/HSRLOGO.jpg>
Package pdftex.def Info: images/HSRLOGO.jpg  used on input line 671.
(pdftex.def)             Requested size: 115.2006pt x 45.0pt.
 [33

]
Overfull \hbox (39.81088pt too wide) in paragraph at lines 696--710
[] []\OT1/phv/b/n/10 Be-deu-tung der Mo-nats-nah-men[] [] 
 []

File: images/HSRLOGO.jpg Graphic file (type jpg)
<use images/HSRLOGO.jpg>
Package pdftex.def Info: images/HSRLOGO.jpg  used on input line 710.
(pdftex.def)             Requested size: 115.2006pt x 45.0pt.
[34]
Underfull \hbox (badness 10000) in paragraph at lines 711--718

 []


Overfull \hbox (4.98087pt too wide) in paragraph at lines 719--725
\OT1/phv/m/n/10 1849 von Au-gus-te Com-te vor-ge-schla-gen. 13 Mo-na-te []a 28 
Ta-ge (+ 1 To-ten-tag). Be-ginn: 1789 Franz[]osische
 []

<images/zeitzonen.jpg, id=245, 722.7pt x 383.29587pt>
File: images/zeitzonen.jpg Graphic file (type jpg)
<use images/zeitzonen.jpg>
Package pdftex.def Info: images/zeitzonen.jpg  used on input line 733.
(pdftex.def)             Requested size: 455.24417pt x 241.44843pt.
File: images/HSRLOGO.jpg Graphic file (type jpg)
<use images/HSRLOGO.jpg>
Package pdftex.def Info: images/HSRLOGO.jpg  used on input line 734.
(pdftex.def)             Requested size: 115.2006pt x 45.0pt.
[35]
File: images/HSRLOGO.jpg Graphic file (type jpg)
<use images/HSRLOGO.jpg>
Package pdftex.def Info: images/HSRLOGO.jpg  used on input line 751.
(pdftex.def)             Requested size: 115.2006pt x 45.0pt.
 [36 <./images/zeitzonen.jpg>]
File: images/HSRLOGO.jpg Graphic file (type jpg)
<use images/HSRLOGO.jpg>
Package pdftex.def Info: images/HSRLOGO.jpg  used on input line 758.
(pdftex.def)             Requested size: 115.2006pt x 45.0pt.
 [37]
File: images/HSRLOGO.jpg Graphic file (type jpg)
<use images/HSRLOGO.jpg>
Package pdftex.def Info: images/HSRLOGO.jpg  used on input line 758.
(pdftex.def)             Requested size: 115.2006pt x 45.0pt.
 [38]
<images/krankheit.jpg, id=259, 288.57462pt x 261.28384pt>
File: images/krankheit.jpg Graphic file (type jpg)
<use images/krankheit.jpg>
Package pdftex.def Info: images/krankheit.jpg  used on input line 761.
(pdftex.def)             Requested size: 227.62209pt x 206.101pt.

Overfull \hbox (0.60463pt too wide) in paragraph at lines 760--774
\OT1/phv/m/n/10 Engl[]ander Wil-liam Har-vey den dop-pel-ten Blut-kreis-lauf. S
o-mit konn-te das zir-ku-lie-ren-de Blut als Transport-
 []


Overfull \hbox (51.16057pt too wide) in paragraph at lines 760--774
[] 
 []

<images/hypokrates.jpg, id=260, 57.42pt x 88.77pt>
File: images/hypokrates.jpg Graphic file (type jpg)
<use images/hypokrates.jpg>
Package pdftex.def Info: images/hypokrates.jpg  used on input line 778.
(pdftex.def)             Requested size: 46.01227pt x 71.13188pt.
File: images/HSRLOGO.jpg Graphic file (type jpg)
<use images/HSRLOGO.jpg>
Package pdftex.def Info: images/HSRLOGO.jpg  used on input line 780.
(pdftex.def)             Requested size: 115.2006pt x 45.0pt.
[39

 <./images/krankheit.jpg> <./images/hypokrates.jpg>]
<images/paracelsus.jpg, id=264, 91.83481pt x 114.99315pt>
File: images/paracelsus.jpg Graphic file (type jpg)
<use images/paracelsus.jpg>
Package pdftex.def Info: images/paracelsus.jpg  used on input line 784.
(pdftex.def)             Requested size: 56.80666pt x 71.13188pt.
<images/snow.jpg, id=265, 68.31pt x 98.01pt>
File: images/snow.jpg Graphic file (type jpg)
<use images/snow.jpg>
Package pdftex.def Info: images/snow.jpg  used on input line 790.
(pdftex.def)             Requested size: 49.57715pt x 71.13188pt.
<images/roentgen.jpg, id=266, 95.70892pt x 128.5234pt>
File: images/roentgen.jpg Graphic file (type jpg)
<use images/roentgen.jpg>
Package pdftex.def Info: images/roentgen.jpg  used on input line 796.
(pdftex.def)             Requested size: 52.97302pt x 71.13188pt.
<images/fleming.jpg, id=267, 101.5065pt x 93.6225pt>
File: images/fleming.jpg Graphic file (type jpg)
<use images/fleming.jpg>
Package pdftex.def Info: images/fleming.jpg  used on input line 802.
(pdftex.def)             Requested size: 77.12558pt x 71.13188pt.

Overfull \hbox (20.22008pt too wide) in paragraph at lines 802--803
[][] 
 []

<images/zinkernagel.jpg, id=268, 73.59pt x 103.29pt>
File: images/zinkernagel.jpg Graphic file (type jpg)
<use images/zinkernagel.jpg>
Package pdftex.def Info: images/zinkernagel.jpg  used on input line 808.
(pdftex.def)             Requested size: 50.67831pt x 71.13188pt.
File: images/HSRLOGO.jpg Graphic file (type jpg)
<use images/HSRLOGO.jpg>
Package pdftex.def Info: images/HSRLOGO.jpg  used on input line 811.
(pdftex.def)             Requested size: 115.2006pt x 45.0pt.
[40

 <./images/paracelsus.jpg> <./images/snow.jpg> <./images/roentgen.jpg> <./image
s/fleming.jpg> <./images/zinkernagel.jpg>]

pdfTeX warning: pdflatex.exe (file ./images/romanisch.pdf): PDF inclusion: foun
d PDF version <1.7>, but at most version <1.5> allowed
<images/romanisch.pdf, id=272, 717.84776pt x 170.63649pt>
File: images/romanisch.pdf Graphic file (type pdf)
<use images/romanisch.pdf>
Package pdftex.def Info: images/romanisch.pdf  used on input line 829.
(pdftex.def)             Requested size: 455.24417pt x 108.21236pt.


pdfTeX warning: pdflatex.exe (file ./images/gotik.pdf): PDF inclusion: found PD
F version <1.7>, but at most version <1.5> allowed
<images/gotik.pdf, id=273, 767.53468pt x 257.58835pt>
File: images/gotik.pdf Graphic file (type pdf)
<use images/gotik.pdf>
Package pdftex.def Info: images/gotik.pdf  used on input line 832.
(pdftex.def)             Requested size: 455.24417pt x 152.78154pt.


pdfTeX warning: pdflatex.exe (file ./images/rennaissance.pdf): PDF inclusion: f
ound PDF version <1.7>, but at most version <1.5> allowed
<images/rennaissance.pdf, id=274, 761.65082pt x 211.82336pt>
File: images/rennaissance.pdf Graphic file (type pdf)
<use images/rennaissance.pdf>
Package pdftex.def Info: images/rennaissance.pdf  used on input line 835.
(pdftex.def)             Requested size: 455.24417pt x 126.61017pt.
File: images/HSRLOGO.jpg Graphic file (type jpg)
<use images/HSRLOGO.jpg>
Package pdftex.def Info: images/HSRLOGO.jpg  used on input line 836.
(pdftex.def)             Requested size: 115.2006pt x 45.0pt.
[41

 <./images/romanisch.pdf> <./images/gotik.pdf

pdfTeX warning: pdflatex.exe (file ./images/gotik.pdf): PDF inclusion: multiple
 pdfs with page group included in a single page
>]

pdfTeX warning: pdflatex.exe (file ./images/barock1.pdf): PDF inclusion: found 
PDF version <1.7>, but at most version <1.5> allowed
<images/barock1.pdf, id=301, 762.95758pt x 181.09657pt>
File: images/barock1.pdf Graphic file (type pdf)
<use images/barock1.pdf>
Package pdftex.def Info: images/barock1.pdf  used on input line 838.
(pdftex.def)             Requested size: 455.24417pt x 108.05913pt.


pdfTeX warning: pdflatex.exe (file ./images/klassizismus.pdf): PDF inclusion: f
ound PDF version <1.7>, but at most version <1.5> allowed
<images/klassizismus.pdf, id=302, 766.22723pt x 176.52048pt>
File: images/klassizismus.pdf Graphic file (type pdf)
<use images/klassizismus.pdf>
Package pdftex.def Info: images/klassizismus.pdf  used on input line 841.
(pdftex.def)             Requested size: 455.24417pt x 104.8761pt.


pdfTeX warning: pdflatex.exe (file ./images/historismus.pdf): PDF inclusion: fo
und PDF version <1.7>, but at most version <1.5> allowed
<images/historismus.pdf, id=303, 768.8423pt x 226.86055pt>
File: images/historismus.pdf Graphic file (type pdf)
<use images/historismus.pdf>
Package pdftex.def Info: images/historismus.pdf  used on input line 844.
(pdftex.def)             Requested size: 455.24417pt x 134.33118pt.
File: images/HSRLOGO.jpg Graphic file (type jpg)
<use images/HSRLOGO.jpg>
Package pdftex.def Info: images/HSRLOGO.jpg  used on input line 845.
(pdftex.def)             Requested size: 115.2006pt x 45.0pt.
[42 <./images/rennaissance.pdf> <./images/barock1.pdf

pdfTeX warning: pdflatex.exe (file ./images/barock1.pdf): PDF inclusion: multip
le pdfs with page group included in a single page
> <./images/klassizismus.pdf

pdfTeX warning: pdflatex.exe (file ./images/klassizismus.pdf): PDF inclusion: m
ultiple pdfs with page group included in a single page
>]

pdfTeX warning: pdflatex.exe (file ./images/jugendstil.pdf): PDF inclusion: fou
nd PDF version <1.7>, but at most version <1.5> allowed
<images/jugendstil.pdf, id=335, 770.14955pt x 167.36627pt>
File: images/jugendstil.pdf Graphic file (type pdf)
<use images/jugendstil.pdf>
Package pdftex.def Info: images/jugendstil.pdf  used on input line 847.
(pdftex.def)             Requested size: 455.24417pt x 98.93422pt.


pdfTeX warning: pdflatex.exe (file ./images/postmoderne.pdf): PDF inclusion: fo
und PDF version <1.7>, but at most version <1.5> allowed
<images/postmoderne.pdf, id=336, 776.03384pt x 226.86156pt>
File: images/postmoderne.pdf Graphic file (type pdf)
<use images/postmoderne.pdf>
Package pdftex.def Info: images/postmoderne.pdf  used on input line 849.
(pdftex.def)             Requested size: 455.24417pt x 133.08212pt.
File: images/HSRLOGO.jpg Graphic file (type jpg)
<use images/HSRLOGO.jpg>
Package pdftex.def Info: images/HSRLOGO.jpg  used on input line 858.
(pdftex.def)             Requested size: 115.2006pt x 45.0pt.
[43 <./images/historismus.pdf> <./images/jugendstil.pdf

pdfTeX warning: pdflatex.exe (file ./images/jugendstil.pdf): PDF inclusion: mul
tiple pdfs with page group included in a single page
> <./images/postmoderne.pdf

pdfTeX warning: pdflatex.exe (file ./images/postmoderne.pdf): PDF inclusion: mu
ltiple pdfs with page group included in a single page
>]
Overfull \hbox (25.23444pt too wide) in paragraph at lines 859--860
\OT1/phv/m/n/10 Im Vor-der-grund steht bei ihm die im Bau ver-wen-de-ten Ma-te-
ria-li-en. Teil-wei-se mas-si-ve Kos-ten[]uberschreitungen. 
 []



pdfTeX warning: pdflatex.exe (file ./images/kleidung.pdf): PDF inclusion: found
 PDF version <1.7>, but at most version <1.5> allowed
<images/kleidung.pdf, id=369, 607.359pt x 542.63556pt>
File: images/kleidung.pdf Graphic file (type pdf)
<use images/kleidung.pdf>
Package pdftex.def Info: images/kleidung.pdf  used on input line 861.
(pdftex.def)             Requested size: 455.24417pt x 406.73555pt.
File: images/HSRLOGO.jpg Graphic file (type jpg)
<use images/HSRLOGO.jpg>
Package pdftex.def Info: images/HSRLOGO.jpg  used on input line 862.
(pdftex.def)             Requested size: 115.2006pt x 45.0pt.
[44 <./images/kleidung.pdf>]
File: images/HSRLOGO.jpg Graphic file (type jpg)
<use images/HSRLOGO.jpg>
Package pdftex.def Info: images/HSRLOGO.jpg  used on input line 897.
(pdftex.def)             Requested size: 115.2006pt x 45.0pt.
 [45

] 
AED: lastpage setting LastPage
File: images/HSRLOGO.jpg Graphic file (type jpg)
<use images/HSRLOGO.jpg>
Package pdftex.def Info: images/HSRLOGO.jpg  used on input line 905.
(pdftex.def)             Requested size: 115.2006pt x 45.0pt.
[46] (./Zusammenfassung.aux) ) 
Here is how much of TeX's memory you used:
 8510 strings out of 492982
 161031 string characters out of 6136226
 361846 words of memory out of 5000000
 11884 multiletter control sequences out of 15000+600000
 24632 words of font info for 53 fonts, out of 8000000 for 9000
 1141 hyphenation exceptions out of 8191
 59i,23n,90p,8855b,679s stack positions out of 5000i,500n,10000p,200000b,80000s
{c:/texlive/2017/texmf-dist/fonts/enc/dvips/base/
8r.enc}<c:/texlive/2017/texmf-dist/fonts/type1/public/amsfonts/cm/cmmi10.pfb><c
:/texlive/2017/texmf-dist/fonts/type1/public/amsfonts/cm/cmsy10.pfb><c:/texlive
/2017/texmf-dist/fonts/type1/urw/helvetic/uhvb8a.pfb><c:/texlive/2017/texmf-dis
t/fonts/type1/urw/helvetic/uhvr8a.pfb><c:/texlive/2017/texmf-dist/fonts/type1/u
rw/helvetic/uhvro8a.pfb>
Output written on Zusammenfassung.pdf (46 pages, 3029174 bytes).
PDF statistics:
 411 PDF objects out of 1000 (max. 8388607)
 234 compressed objects within 3 object streams
 0 named destinations out of 1000 (max. 500000)
 166 words of extra memory for PDF output out of 10000 (max. 10000000)

